0    [AWT-EventQueue-0] INFO  ca.sqlpower.architect.ArchitectUtils  - Log4J configured successfully
666  [AWT-EventQueue-0] INFO  ca.sqlpower.sql.PlDotIni  - Beginning to read/merge new pl.ini data
741  [AWT-EventQueue-0] INFO  ca.sqlpower.sql.PlDotIni  - Finished reading file.
742  [AWT-EventQueue-0] INFO  ca.sqlpower.sql.PlDotIni  - Beginning to read/merge new pl.ini data
782  [AWT-EventQueue-0] INFO  ca.sqlpower.sql.PlDotIni  - Finished reading file.
22459 [Thread-5] ERROR ca.sqlpower.architect.swingui.action.CheckForUpdateAction  - Fail to retrieve current version number!
0    [AWT-EventQueue-0] INFO  ca.sqlpower.architect.ArchitectUtils  - Log4J configured successfully
657  [AWT-EventQueue-0] INFO  ca.sqlpower.sql.PlDotIni  - Beginning to read/merge new pl.ini data
722  [AWT-EventQueue-0] INFO  ca.sqlpower.sql.PlDotIni  - Finished reading file.
722  [AWT-EventQueue-0] INFO  ca.sqlpower.sql.PlDotIni  - Beginning to read/merge new pl.ini data
756  [AWT-EventQueue-0] INFO  ca.sqlpower.sql.PlDotIni  - Finished reading file.
22466 [Thread-5] ERROR ca.sqlpower.architect.swingui.action.CheckForUpdateAction  - Fail to retrieve current version number!
0    [AWT-EventQueue-0] INFO  ca.sqlpower.architect.ArchitectUtils  - Log4J configured successfully
413  [AWT-EventQueue-0] INFO  ca.sqlpower.sql.PlDotIni  - Beginning to read/merge new pl.ini data
476  [AWT-EventQueue-0] INFO  ca.sqlpower.sql.PlDotIni  - Finished reading file.
476  [AWT-EventQueue-0] INFO  ca.sqlpower.sql.PlDotIni  - Beginning to read/merge new pl.ini data
509  [AWT-EventQueue-0] INFO  ca.sqlpower.sql.PlDotIni  - Finished reading file.
11403 [AWT-EventQueue-0] WARN  ca.sqlpower.sqlobject.ForeignKeyColumnUpdaterPoolingSPListener  - Warning: unknown column property autoIncrementSequenceName changed while monitoring pkTable
11405 [AWT-EventQueue-0] WARN  ca.sqlpower.sqlobject.ForeignKeyColumnUpdaterPoolingSPListener  - Warning: unknown column property autoIncrementSequenceName changed while monitoring pkTable
11405 [AWT-EventQueue-0] WARN  ca.sqlpower.sqlobject.ForeignKeyColumnUpdaterPoolingSPListener  - Warning: unknown column property autoIncrementSequenceName changed while monitoring pkTable
22054 [Thread-5] ERROR ca.sqlpower.architect.swingui.action.CheckForUpdateAction  - Fail to retrieve current version number!
72587 [AWT-EventQueue-0] INFO  ca.sqlpower.architect.ddl.GenericDDLGenerator  - endStatement: 
CREATE SEQUENCE SAMPLE_1_SAMPLE_ID_SEQ
72588 [AWT-EventQueue-0] INFO  ca.sqlpower.architect.ddl.GenericDDLGenerator  - endStatement: 

CREATE TABLE Laboratory_samples.Sample_1 (
                Sample_ID NUMBER NOT NULL,
                Laboratory_ID NUMBER NOT NULL,
                Description VARCHAR2 NOT NULL,
                Status VARCHAR2 NOT NULL,
                Sampling_Date DATE NOT NULL,
                Samplepoint VARCHAR2 NOT NULL,
                Sample_Type VARCHAR2 NOT NULL,
                Hazards NVARCHAR DEFAULT No Hazards,
                Product VARCHAR2 NOT NULL,
                CONSTRAINT SAMPLE_ID PRIMARY KEY (Sample_ID)
)
72588 [AWT-EventQueue-0] INFO  ca.sqlpower.architect.ddl.GenericDDLGenerator  - endStatement: 
COMMENT ON TABLE Laboratory_samples.Sample_1 IS 'Logischer om hier een one to many van te maken? Of hoe combineren we dat 1 staal aan meerdere labo''s toegewezen kan worden'
72588 [AWT-EventQueue-0] INFO  ca.sqlpower.architect.ddl.GenericDDLGenerator  - endStatement: 


CREATE SEQUENCE MEASUREMENT_CAMPAIGN_CAMPAI94
72589 [AWT-EventQueue-0] INFO  ca.sqlpower.architect.ddl.GenericDDLGenerator  - endStatement: 

CREATE TABLE Laboratory_samples.Measurement_Campaign (
                Campaign_ID NUMBER NOT NULL,
                Campaign_Creation_Date DATE NOT NULL,
                Campaign_Start_Date DATE,
                Campaign_End_Date DATE,
                Campaign_Description VARCHAR2 NOT NULL,
                Campaign_Purpose VARCHAR2 NOT NULL,
                Campaign_Requester VARCHAR2 NOT NULL,
                Campaign_Status VARCHAR2 NOT NULL,
                CONSTRAINT MEASUREMENT_CAMPAIGN_ID PRIMARY KEY (Campaign_ID)
)
72589 [AWT-EventQueue-0] INFO  ca.sqlpower.architect.ddl.GenericDDLGenerator  - endStatement: 
COMMENT ON TABLE Laboratory_samples.Measurement_Campaign IS 'Verder koppelen aan Samples? meerdere stalen in een campagne.'
72589 [AWT-EventQueue-0] INFO  ca.sqlpower.architect.ddl.GenericDDLGenerator  - endStatement: 


CREATE SEQUENCE MEASUREMENT__REPORT_REPORT_297
72590 [AWT-EventQueue-0] INFO  ca.sqlpower.architect.ddl.GenericDDLGenerator  - endStatement: 

CREATE TABLE Laboratory_samples.Measurement__Report (
                Report_ID VARCHAR2 NOT NULL,
                Campaign_ID NUMBER NOT NULL,
                Report_Creation_Date DATE DEFAULT now() NOT NULL,
                Report_Send_Date DATE,
                Report_Sender_Email VARCHAR2,
                Report_Receiver_Email VARCHAR2,
                Printed_Report CHAR NOT NULL,
                CONSTRAINT REPORT_ID PRIMARY KEY (Report_ID)
)
72590 [AWT-EventQueue-0] INFO  ca.sqlpower.architect.ddl.GenericDDLGenerator  - endStatement: 
COMMENT ON TABLE Laboratory_samples.Measurement__Report IS 'Rapporten met meerdere measur''s?'
72590 [AWT-EventQueue-0] INFO  ca.sqlpower.architect.ddl.GenericDDLGenerator  - endStatement: 


CREATE SEQUENCE INSTRUMENT_INSTRUMENT_ID_SEQ
72590 [AWT-EventQueue-0] INFO  ca.sqlpower.architect.ddl.GenericDDLGenerator  - endStatement: 

CREATE TABLE Laboratory_samples.Instrument (
                Instrument_ID NUMBER NOT NULL,
                Instrument_Description VARCHAR2 NOT NULL,
                Instrument_Name VARCHAR2 NOT NULL,
                Instrument_Cost NUMBER NOT NULL,
                CONSTRAINT INSTRUMENT_ID PRIMARY KEY (Instrument_ID)
)
72590 [AWT-EventQueue-0] INFO  ca.sqlpower.architect.ddl.GenericDDLGenerator  - endStatement: 


CREATE SEQUENCE SAMPLE_SAMPLE_ID_SEQ
72591 [AWT-EventQueue-0] INFO  ca.sqlpower.architect.ddl.GenericDDLGenerator  - endStatement: 

CREATE TABLE Laboratory_samples.Sample (
                Sample_ID NUMBER NOT NULL,
                Sample_Description VARCHAR2 NOT NULL,
                Sample_Status VARCHAR2 NOT NULL,
                Sampling_Date DATE NOT NULL,
                Samplepoint VARCHAR2 NOT NULL,
                Sample_Type VARCHAR2 NOT NULL,
                Products VARCHAR2 NOT NULL,
                CONSTRAINT SAMPLE_ID PRIMARY KEY (Sample_ID)
)
72591 [AWT-EventQueue-0] INFO  ca.sqlpower.architect.ddl.GenericDDLGenerator  - endStatement: 
COMMENT ON TABLE Laboratory_samples.Sample IS 'Logischer om hier een one to many van te maken? Of hoe combineren we dat 1 staal aan meerdere labo''s toegewezen kan worden'
72591 [AWT-EventQueue-0] INFO  ca.sqlpower.architect.ddl.GenericDDLGenerator  - endStatement: 


CREATE SEQUENCE LABORATORY_LABORATORY_ID_SEQ
72591 [AWT-EventQueue-0] INFO  ca.sqlpower.architect.ddl.GenericDDLGenerator  - endStatement: 

CREATE TABLE Laboratory_samples.Laboratory (
                Laboratory_ID NUMBER NOT NULL,
                Laboratory_Name VARCHAR2 NOT NULL,
                Laboratory_Description VARCHAR2 NOT NULL,
                Company VARCHAR2 NOT NULL,
                Laboratory_Adress VARCHAR2 NOT NULL,
                Laboratory_Location VARCHAR2 NOT NULL,
                CONSTRAINT LABORATORY_ID PRIMARY KEY (Laboratory_ID)
)
72591 [AWT-EventQueue-0] INFO  ca.sqlpower.architect.ddl.GenericDDLGenerator  - endStatement: 
COMMENT ON TABLE Laboratory_samples.Laboratory IS 'Data tabellen met Locatie en Bedrijven?'
72591 [AWT-EventQueue-0] INFO  ca.sqlpower.architect.ddl.GenericDDLGenerator  - endStatement: 


CREATE SEQUENCE LAB_TECHNICIANS_TECHNICIAN_372
72592 [AWT-EventQueue-0] INFO  ca.sqlpower.architect.ddl.GenericDDLGenerator  - endStatement: 

CREATE TABLE Laboratory_samples.Lab_Technicians (
                Technician_ID NUMBER NOT NULL,
                Laboratory_ID NUMBER NOT NULL,
                Supervisor_ID NUMBER,
                First_Name VARCHAR2 NOT NULL,
                Last_Name VARCHAR2 NOT NULL,
                Gender CHAR NOT NULL,
                Function VARCHAR2 DEFAULT Lab Technician NOT NULL,
                Function_Start_Date DATE DEFAULT now() NOT NULL,
                Function_End_Date DATE,
                Adress VARCHAR2 NOT NULL,
                CONSTRAINT TECHNICIAN_ID PRIMARY KEY (Technician_ID)
)
72592 [AWT-EventQueue-0] INFO  ca.sqlpower.architect.ddl.GenericDDLGenerator  - endStatement: 


CREATE SEQUENCE MEASUREMENT_MEASUREMENT_ID_SEQ
72592 [AWT-EventQueue-0] INFO  ca.sqlpower.architect.ddl.GenericDDLGenerator  - endStatement: 

CREATE TABLE Laboratory_samples.Measurement (
                Measurement_ID NUMBER NOT NULL,
                Report_ID VARCHAR2 NOT NULL,
                Laboratory_ID NUMBER NOT NULL,
                Technician_ID NUMBER NOT NULL,
                Instrument_ID NUMBER NOT NULL,
                Sample_ID NUMBER NOT NULL,
                Measurement_Start_Date DATE,
                Measurement_End_Date DATE,
                Result NUMBER,
                Unit VARCHAR2,
                Measurement_Cost NUMBER DEFAULT 100,15 NOT NULL,
                CONSTRAINT MEASUREMENT_ID PRIMARY KEY (Measurement_ID)
)
72593 [AWT-EventQueue-0] INFO  ca.sqlpower.architect.ddl.GenericDDLGenerator  - endStatement: 


ALTER TABLE Laboratory_samples.Measurement__Report ADD CONSTRAINT MEASUREMENT_CAMPAIGN_MEASUR152
FOREIGN KEY (Campaign_ID)
REFERENCES Laboratory_samples.Measurement_Campaign (Campaign_ID)
NOT DEFERRABLE
72593 [AWT-EventQueue-0] INFO  ca.sqlpower.architect.ddl.GenericDDLGenerator  - endStatement: 

ALTER TABLE Laboratory_samples.Measurement ADD CONSTRAINT MEASUREMENT__REPORT_MEASURE591
FOREIGN KEY (Report_ID)
REFERENCES Laboratory_samples.Measurement__Report (Report_ID)
NOT DEFERRABLE
72594 [AWT-EventQueue-0] INFO  ca.sqlpower.architect.ddl.GenericDDLGenerator  - endStatement: 

ALTER TABLE Laboratory_samples.Measurement ADD CONSTRAINT TECHNIQUE_MEASUREMENT_FK
FOREIGN KEY (Instrument_ID)
REFERENCES Laboratory_samples.Instrument (Instrument_ID)
NOT DEFERRABLE
72594 [AWT-EventQueue-0] INFO  ca.sqlpower.architect.ddl.GenericDDLGenerator  - endStatement: 

ALTER TABLE Laboratory_samples.Measurement ADD CONSTRAINT SAMPLE_MEASUREMENT_FK
FOREIGN KEY (Sample_ID)
REFERENCES Laboratory_samples.Sample (Sample_ID)
ON DELETE CASCADE
NOT DEFERRABLE
72594 [AWT-EventQueue-0] INFO  ca.sqlpower.architect.ddl.GenericDDLGenerator  - endStatement: 

ALTER TABLE Laboratory_samples.Lab_Technicians ADD CONSTRAINT LABORATORIUM_LABTECHNICIANS_FK
FOREIGN KEY (Laboratory_ID)
REFERENCES Laboratory_samples.Laboratory (Laboratory_ID)
NOT DEFERRABLE
72595 [AWT-EventQueue-0] INFO  ca.sqlpower.architect.ddl.GenericDDLGenerator  - endStatement: 

ALTER TABLE Laboratory_samples.Measurement ADD CONSTRAINT LABORATORY_MEASUREMENT_FK
FOREIGN KEY (Laboratory_ID)
REFERENCES Laboratory_samples.Laboratory (Laboratory_ID)
NOT DEFERRABLE
72595 [AWT-EventQueue-0] INFO  ca.sqlpower.architect.ddl.GenericDDLGenerator  - endStatement: 

ALTER TABLE Laboratory_samples.Measurement ADD CONSTRAINT LABTECHNICIANS_MEASUREMENT_FK
FOREIGN KEY (Technician_ID)
REFERENCES Laboratory_samples.Lab_Technicians (Technician_ID)
NOT DEFERRABLE
72595 [AWT-EventQueue-0] INFO  ca.sqlpower.architect.ddl.GenericDDLGenerator  - endStatement: 

ALTER TABLE Laboratory_samples.Lab_Technicians ADD CONSTRAINT LABTECHNICIANS_LABTECHNICIA461
FOREIGN KEY (Supervisor_ID)
REFERENCES Laboratory_samples.Lab_Technicians (Technician_ID)
NOT DEFERRABLE
72604 [AWT-EventQueue-0] INFO  ca.sqlpower.architect.swingui.SQLScriptDialog  - The list size is :29
1    [AWT-EventQueue-0] INFO  ca.sqlpower.architect.ArchitectUtils  - Log4J configured successfully
410  [AWT-EventQueue-0] INFO  ca.sqlpower.sql.PlDotIni  - Beginning to read/merge new pl.ini data
469  [AWT-EventQueue-0] INFO  ca.sqlpower.sql.PlDotIni  - Finished reading file.
469  [AWT-EventQueue-0] INFO  ca.sqlpower.sql.PlDotIni  - Beginning to read/merge new pl.ini data
502  [AWT-EventQueue-0] INFO  ca.sqlpower.sql.PlDotIni  - Finished reading file.
0    [AWT-EventQueue-0] INFO  ca.sqlpower.architect.ArchitectUtils  - Log4J configured successfully
1042 [AWT-EventQueue-0] INFO  ca.sqlpower.sql.PlDotIni  - Beginning to read/merge new pl.ini data
1228 [AWT-EventQueue-0] INFO  ca.sqlpower.sql.PlDotIni  - Finished reading file.
1229 [AWT-EventQueue-0] INFO  ca.sqlpower.sql.PlDotIni  - Beginning to read/merge new pl.ini data
1306 [AWT-EventQueue-0] INFO  ca.sqlpower.sql.PlDotIni  - Finished reading file.
23119 [Thread-5] ERROR ca.sqlpower.architect.swingui.action.CheckForUpdateAction  - Fail to retrieve current version number!
59288 [AWT-EventQueue-0] WARN  ca.sqlpower.sqlobject.ForeignKeyColumnUpdaterPoolingSPListener  - Warning: unknown column property autoIncrementSequenceName changed while monitoring pkTable
59290 [AWT-EventQueue-0] WARN  ca.sqlpower.sqlobject.ForeignKeyColumnUpdaterPoolingSPListener  - Warning: unknown column property autoIncrementSequenceName changed while monitoring pkTable
59291 [AWT-EventQueue-0] WARN  ca.sqlpower.sqlobject.ForeignKeyColumnUpdaterPoolingSPListener  - Warning: unknown column property autoIncrementSequenceName changed while monitoring pkTable
63389 [AWT-EventQueue-0] INFO  ca.sqlpower.architect.ddl.GenericDDLGenerator  - endStatement: 
CREATE SEQUENCE SAMPLE_1_SAMPLE_ID_SEQ
63390 [AWT-EventQueue-0] INFO  ca.sqlpower.architect.ddl.GenericDDLGenerator  - endStatement: 

CREATE TABLE Laboratory_samples.Sample_1 (
                Sample_ID NUMBER NOT NULL,
                Laboratory_ID NUMBER NOT NULL,
                Description VARCHAR2 NOT NULL,
                Status VARCHAR2 NOT NULL,
                Sampling_Date TIMESTAMP NOT NULL,
                Samplepoint VARCHAR2 NOT NULL,
                Sample_Type VARCHAR2 NOT NULL,
                Hazards NVARCHAR DEFAULT No Hazards,
                Product VARCHAR2 NOT NULL,
                CONSTRAINT SAMPLE_ID PRIMARY KEY (Sample_ID)
)
63390 [AWT-EventQueue-0] INFO  ca.sqlpower.architect.ddl.GenericDDLGenerator  - endStatement: 
COMMENT ON TABLE Laboratory_samples.Sample_1 IS 'Logischer om hier een one to many van te maken? Of hoe combineren we dat 1 staal aan meerdere labo''s toegewezen kan worden'
63390 [AWT-EventQueue-0] INFO  ca.sqlpower.architect.ddl.GenericDDLGenerator  - endStatement: 


CREATE SEQUENCE MEASUREMENT_CAMPAIGN_CAMPAI94
63391 [AWT-EventQueue-0] INFO  ca.sqlpower.architect.ddl.GenericDDLGenerator  - endStatement: 

CREATE TABLE Laboratory_samples.Measurement_Campaign (
                Campaign_ID NUMBER NOT NULL,
                Campaign_Creation_Date DATE NOT NULL,
                Campaign_Start_Date DATE,
                Campaign_End_Date DATE,
                Campaign_Description VARCHAR2 NOT NULL,
                Campaign_Purpose VARCHAR2 NOT NULL,
                Campaign_Requester VARCHAR2 NOT NULL,
                Campaign_Status VARCHAR2 NOT NULL,
                CONSTRAINT MEASUREMENT_CAMPAIGN_ID PRIMARY KEY (Campaign_ID)
)
63391 [AWT-EventQueue-0] INFO  ca.sqlpower.architect.ddl.GenericDDLGenerator  - endStatement: 
COMMENT ON TABLE Laboratory_samples.Measurement_Campaign IS 'Verder koppelen aan Samples? meerdere stalen in een campagne.'
63391 [AWT-EventQueue-0] INFO  ca.sqlpower.architect.ddl.GenericDDLGenerator  - endStatement: 


CREATE SEQUENCE MEASUREMENT__REPORT_REPORT_297
63392 [AWT-EventQueue-0] INFO  ca.sqlpower.architect.ddl.GenericDDLGenerator  - endStatement: 

CREATE TABLE Laboratory_samples.Measurement__Report (
                Report_ID VARCHAR2 NOT NULL,
                Campaign_ID NUMBER NOT NULL,
                Report_Creation_Date DATE DEFAULT now() NOT NULL,
                Report_Send_Date TIMESTAMP,
                Report_Sender_Email VARCHAR2,
                Report_Receiver_Email VARCHAR2,
                Printed_Report CHAR NOT NULL,
                CONSTRAINT REPORT_ID PRIMARY KEY (Report_ID)
)
63392 [AWT-EventQueue-0] INFO  ca.sqlpower.architect.ddl.GenericDDLGenerator  - endStatement: 
COMMENT ON TABLE Laboratory_samples.Measurement__Report IS 'Rapporten met meerdere measur''s?'
63392 [AWT-EventQueue-0] INFO  ca.sqlpower.architect.ddl.GenericDDLGenerator  - endStatement: 


CREATE SEQUENCE LABORATORY_LABORATORY_ID_SEQ
63392 [AWT-EventQueue-0] INFO  ca.sqlpower.architect.ddl.GenericDDLGenerator  - endStatement: 

CREATE TABLE Laboratory_samples.Laboratory (
                Laboratory_ID NUMBER NOT NULL,
                Laboratory_Name VARCHAR2 NOT NULL,
                Laboratory_Description VARCHAR2 NOT NULL,
                Company VARCHAR2 NOT NULL,
                Laboratory_Adress VARCHAR2 NOT NULL,
                Laboratory_Location VARCHAR2 NOT NULL,
                CONSTRAINT LABORATORY_ID PRIMARY KEY (Laboratory_ID)
)
63392 [AWT-EventQueue-0] INFO  ca.sqlpower.architect.ddl.GenericDDLGenerator  - endStatement: 
COMMENT ON TABLE Laboratory_samples.Laboratory IS 'Data tabellen met Locatie en Bedrijven?'
63393 [AWT-EventQueue-0] INFO  ca.sqlpower.architect.ddl.GenericDDLGenerator  - endStatement: 


CREATE SEQUENCE MEASUREMENT_MEASUREMENT_ID_SEQ
63393 [AWT-EventQueue-0] INFO  ca.sqlpower.architect.ddl.GenericDDLGenerator  - endStatement: 

CREATE TABLE Laboratory_samples.Measurement (
                Measurement_ID NUMBER NOT NULL,
                Report_ID VARCHAR2 NOT NULL,
                Laboratory_ID NUMBER NOT NULL,
                Measurement_Start_Date TIMESTAMP,
                Measurement_End_Date TIMESTAMP,
                Result NUMBER,
                Unit VARCHAR2,
                Measurement_Cost NUMBER DEFAULT 100,15 NOT NULL,
                CONSTRAINT MEASUREMENT_ID PRIMARY KEY (Measurement_ID)
)
63393 [AWT-EventQueue-0] INFO  ca.sqlpower.architect.ddl.GenericDDLGenerator  - endStatement: 


ALTER TABLE Laboratory_samples.Measurement__Report ADD CONSTRAINT MEASUREMENT_CAMPAIGN_MEASUR152
FOREIGN KEY (Campaign_ID)
REFERENCES Laboratory_samples.Measurement_Campaign (Campaign_ID)
NOT DEFERRABLE
63394 [AWT-EventQueue-0] INFO  ca.sqlpower.architect.ddl.GenericDDLGenerator  - endStatement: 

ALTER TABLE Laboratory_samples.Measurement ADD CONSTRAINT MEASUREMENT__REPORT_MEASURE591
FOREIGN KEY (Report_ID)
REFERENCES Laboratory_samples.Measurement__Report (Report_ID)
NOT DEFERRABLE
63395 [AWT-EventQueue-0] INFO  ca.sqlpower.architect.ddl.GenericDDLGenerator  - endStatement: 

ALTER TABLE Laboratory_samples.Measurement ADD CONSTRAINT LABORATORY_MEASUREMENT_FK
FOREIGN KEY (Laboratory_ID)
REFERENCES Laboratory_samples.Laboratory (Laboratory_ID)
NOT DEFERRABLE
63409 [AWT-EventQueue-0] INFO  ca.sqlpower.architect.swingui.SQLScriptDialog  - The list size is :17
1148198 [AWT-EventQueue-0] ERROR ca.sqlpower.architect.swingui.KettleDataSourceOptionsPanel  -  The map is: {}
1153552 [AWT-EventQueue-0] ERROR ca.sqlpower.architect.swingui.KettleDataSourceOptionsPanel  -  The map is: {}
1164417 [AWT-EventQueue-0] ERROR ca.sqlpower.architect.swingui.KettleDataSourceOptionsPanel  -  The map is: {hostname=, Port=1521, SID=}
1164419 [AWT-EventQueue-0] ERROR ca.sqlpower.architect.swingui.KettleDataSourceOptionsPanel  -  The map is: {hostname=, Port=1521, SID=}
1194900 [AWT-EventQueue-0] WARN  ca.sqlpower.sql.JDBCDataSource  - Driver Class not found
java.lang.ClassNotFoundException: Could not locate class oracle.jdbc.OracleDriver in any of the JDBC Driver JAR files: []
	at ca.sqlpower.sql.JDBCDataSourceType$JDBCClassLoader.findClass(JDBCDataSourceType.java:239)
	at java.lang.ClassLoader.loadClass(Unknown Source)
	at java.lang.ClassLoader.loadClass(Unknown Source)
	at java.lang.Class.forName0(Native Method)
	at java.lang.Class.forName(Unknown Source)
	at ca.sqlpower.sql.JDBCDataSource.createConnection(JDBCDataSource.java:274)
	at ca.sqlpower.swingui.JDBCDataSourcePanel$1.actionPerformed(JDBCDataSourcePanel.java:168)
	at javax.swing.AbstractButton.fireActionPerformed(Unknown Source)
	at javax.swing.AbstractButton$Handler.actionPerformed(Unknown Source)
	at javax.swing.DefaultButtonModel.fireActionPerformed(Unknown Source)
	at javax.swing.DefaultButtonModel.setPressed(Unknown Source)
	at javax.swing.plaf.basic.BasicButtonListener.mouseReleased(Unknown Source)
	at java.awt.Component.processMouseEvent(Unknown Source)
	at javax.swing.JComponent.processMouseEvent(Unknown Source)
	at java.awt.Component.processEvent(Unknown Source)
	at java.awt.Container.processEvent(Unknown Source)
	at java.awt.Component.dispatchEventImpl(Unknown Source)
	at java.awt.Container.dispatchEventImpl(Unknown Source)
	at java.awt.Component.dispatchEvent(Unknown Source)
	at java.awt.LightweightDispatcher.retargetMouseEvent(Unknown Source)
	at java.awt.LightweightDispatcher.processMouseEvent(Unknown Source)
	at java.awt.LightweightDispatcher.dispatchEvent(Unknown Source)
	at java.awt.Container.dispatchEventImpl(Unknown Source)
	at java.awt.Window.dispatchEventImpl(Unknown Source)
	at java.awt.Component.dispatchEvent(Unknown Source)
	at java.awt.EventQueue.dispatchEventImpl(Unknown Source)
	at java.awt.EventQueue.access$500(Unknown Source)
	at java.awt.EventQueue$3.run(Unknown Source)
	at java.awt.EventQueue$3.run(Unknown Source)
	at java.security.AccessController.doPrivileged(Native Method)
	at java.security.ProtectionDomain$JavaSecurityAccessImpl.doIntersectionPrivilege(Unknown Source)
	at java.security.ProtectionDomain$JavaSecurityAccessImpl.doIntersectionPrivilege(Unknown Source)
	at java.awt.EventQueue$4.run(Unknown Source)
	at java.awt.EventQueue$4.run(Unknown Source)
	at java.security.AccessController.doPrivileged(Native Method)
	at java.security.ProtectionDomain$JavaSecurityAccessImpl.doIntersectionPrivilege(Unknown Source)
	at java.awt.EventQueue.dispatchEvent(Unknown Source)
	at java.awt.EventDispatchThread.pumpOneEventForFilters(Unknown Source)
	at java.awt.EventDispatchThread.pumpEventsForFilter(Unknown Source)
	at java.awt.EventDispatchThread.pumpEventsForHierarchy(Unknown Source)
	at java.awt.EventDispatchThread.pumpEvents(Unknown Source)
	at java.awt.EventDispatchThread.pumpEvents(Unknown Source)
	at java.awt.EventDispatchThread.run(Unknown Source)
1228744 [AWT-EventQueue-0] INFO  ca.sqlpower.architect.ddl.GenericDDLGenerator  - endStatement: 
CREATE SEQUENCE SAMPLE_1_SAMPLE_ID_SEQ
1228745 [AWT-EventQueue-0] INFO  ca.sqlpower.architect.ddl.GenericDDLGenerator  - endStatement: 

CREATE TABLE PUBLIC.Sample_1 (
                Sample_ID NUMBER NOT NULL,
                Laboratory_ID NUMBER NOT NULL,
                Description VARCHAR2 NOT NULL,
                Status VARCHAR2 NOT NULL,
                Sampling_Date TIMESTAMP NOT NULL,
                Samplepoint VARCHAR2 NOT NULL,
                Sample_Type VARCHAR2 NOT NULL,
                Hazards NVARCHAR DEFAULT No Hazards,
                Product VARCHAR2 NOT NULL,
                CONSTRAINT SAMPLE_ID PRIMARY KEY (Sample_ID)
)
1228745 [AWT-EventQueue-0] INFO  ca.sqlpower.architect.ddl.GenericDDLGenerator  - endStatement: 
COMMENT ON TABLE PUBLIC.Sample_1 IS 'Logischer om hier een one to many van te maken? Of hoe combineren we dat 1 staal aan meerdere labo''s toegewezen kan worden'
1228745 [AWT-EventQueue-0] INFO  ca.sqlpower.architect.ddl.GenericDDLGenerator  - endStatement: 


CREATE SEQUENCE MEASUREMENT_CAMPAIGN_CAMPAI94
1228745 [AWT-EventQueue-0] INFO  ca.sqlpower.architect.ddl.GenericDDLGenerator  - endStatement: 

CREATE TABLE PUBLIC.Measurement_Campaign (
                Campaign_ID NUMBER NOT NULL,
                Campaign_Creation_Date DATE NOT NULL,
                Campaign_Start_Date DATE,
                Campaign_End_Date DATE,
                Campaign_Description VARCHAR2 NOT NULL,
                Campaign_Purpose VARCHAR2 NOT NULL,
                Campaign_Requester VARCHAR2 NOT NULL,
                Campaign_Status VARCHAR2 NOT NULL,
                CONSTRAINT MEASUREMENT_CAMPAIGN_ID PRIMARY KEY (Campaign_ID)
)
1228745 [AWT-EventQueue-0] INFO  ca.sqlpower.architect.ddl.GenericDDLGenerator  - endStatement: 
COMMENT ON TABLE PUBLIC.Measurement_Campaign IS 'Verder koppelen aan Samples? meerdere stalen in een campagne.'
1228745 [AWT-EventQueue-0] INFO  ca.sqlpower.architect.ddl.GenericDDLGenerator  - endStatement: 


CREATE SEQUENCE MEASUREMENT__REPORT_REPORT_297
1228745 [AWT-EventQueue-0] INFO  ca.sqlpower.architect.ddl.GenericDDLGenerator  - endStatement: 

CREATE TABLE PUBLIC.Measurement__Report (
                Report_ID VARCHAR2 NOT NULL,
                Campaign_ID NUMBER NOT NULL,
                Report_Creation_Date DATE DEFAULT now() NOT NULL,
                Report_Send_Date TIMESTAMP,
                Report_Sender_Email VARCHAR2,
                Report_Receiver_Email VARCHAR2,
                Printed_Report CHAR NOT NULL,
                CONSTRAINT REPORT_ID PRIMARY KEY (Report_ID)
)
1228746 [AWT-EventQueue-0] INFO  ca.sqlpower.architect.ddl.GenericDDLGenerator  - endStatement: 
COMMENT ON TABLE PUBLIC.Measurement__Report IS 'Rapporten met meerdere measur''s?'
1228746 [AWT-EventQueue-0] INFO  ca.sqlpower.architect.ddl.GenericDDLGenerator  - endStatement: 


CREATE SEQUENCE LABORATORY_LABORATORY_ID_SEQ
1228746 [AWT-EventQueue-0] INFO  ca.sqlpower.architect.ddl.GenericDDLGenerator  - endStatement: 

CREATE TABLE PUBLIC.Laboratory (
                Laboratory_ID NUMBER NOT NULL,
                Laboratory_Name VARCHAR2 NOT NULL,
                Laboratory_Description VARCHAR2 NOT NULL,
                Company VARCHAR2 NOT NULL,
                Laboratory_Adress VARCHAR2 NOT NULL,
                Laboratory_Location VARCHAR2 NOT NULL,
                CONSTRAINT LABORATORY_ID PRIMARY KEY (Laboratory_ID)
)
1228746 [AWT-EventQueue-0] INFO  ca.sqlpower.architect.ddl.GenericDDLGenerator  - endStatement: 
COMMENT ON TABLE PUBLIC.Laboratory IS 'Data tabellen met Locatie en Bedrijven?'
1228746 [AWT-EventQueue-0] INFO  ca.sqlpower.architect.ddl.GenericDDLGenerator  - endStatement: 


CREATE SEQUENCE MEASUREMENT_MEASUREMENT_ID_SEQ
1228746 [AWT-EventQueue-0] INFO  ca.sqlpower.architect.ddl.GenericDDLGenerator  - endStatement: 

CREATE TABLE PUBLIC.Measurement (
                Measurement_ID NUMBER NOT NULL,
                Report_ID VARCHAR2 NOT NULL,
                Laboratory_ID NUMBER NOT NULL,
                Measurement_Start_Date TIMESTAMP,
                Measurement_End_Date TIMESTAMP,
                Result NUMBER,
                Unit VARCHAR2,
                Measurement_Cost NUMBER DEFAULT 100,15 NOT NULL,
                CONSTRAINT MEASUREMENT_ID PRIMARY KEY (Measurement_ID)
)
1228746 [AWT-EventQueue-0] INFO  ca.sqlpower.architect.ddl.GenericDDLGenerator  - endStatement: 


ALTER TABLE PUBLIC.Measurement__Report ADD CONSTRAINT MEASUREMENT_CAMPAIGN_MEASUR152
FOREIGN KEY (Campaign_ID)
REFERENCES PUBLIC.Measurement_Campaign (Campaign_ID)
NOT DEFERRABLE
1228747 [AWT-EventQueue-0] INFO  ca.sqlpower.architect.ddl.GenericDDLGenerator  - endStatement: 

ALTER TABLE PUBLIC.Measurement ADD CONSTRAINT MEASUREMENT__REPORT_MEASURE591
FOREIGN KEY (Report_ID)
REFERENCES PUBLIC.Measurement__Report (Report_ID)
NOT DEFERRABLE
1228747 [AWT-EventQueue-0] INFO  ca.sqlpower.architect.ddl.GenericDDLGenerator  - endStatement: 

ALTER TABLE PUBLIC.Measurement ADD CONSTRAINT LABORATORY_MEASUREMENT_FK
FOREIGN KEY (Laboratory_ID)
REFERENCES PUBLIC.Laboratory (Laboratory_ID)
NOT DEFERRABLE
1228747 [AWT-EventQueue-0] INFO  ca.sqlpower.architect.swingui.SQLScriptDialog  - The list size is :17
1374967 [AWT-EventQueue-0] INFO  ca.sqlpower.architect.ddl.GenericDDLGenerator  - endStatement: 
CREATE SEQUENCE MEASUREMENT_CAMPAIGN_CAMPAI94
1374967 [AWT-EventQueue-0] INFO  ca.sqlpower.architect.ddl.GenericDDLGenerator  - endStatement: 

CREATE TABLE PUBLIC.Measurement_Campaign (
                Campaign_ID NUMBER NOT NULL,
                Campaign_Creation_Date DATE NOT NULL,
                Campaign_Start_Date DATE,
                Campaign_End_Date DATE,
                Campaign_Description VARCHAR2 NOT NULL,
                Campaign_Purpose VARCHAR2 NOT NULL,
                Campaign_Requester VARCHAR2 NOT NULL,
                Campaign_Status VARCHAR2 NOT NULL,
                CONSTRAINT MEASUREMENT_CAMPAIGN_ID PRIMARY KEY (Campaign_ID)
)
1374967 [AWT-EventQueue-0] INFO  ca.sqlpower.architect.ddl.GenericDDLGenerator  - endStatement: 
COMMENT ON TABLE PUBLIC.Measurement_Campaign IS 'Verder koppelen aan Samples? meerdere stalen in een campagne.'
1374967 [AWT-EventQueue-0] INFO  ca.sqlpower.architect.ddl.GenericDDLGenerator  - endStatement: 


CREATE SEQUENCE MEASUREMENT__REPORT_REPORT_297
1374967 [AWT-EventQueue-0] INFO  ca.sqlpower.architect.ddl.GenericDDLGenerator  - endStatement: 

CREATE TABLE PUBLIC.Measurement__Report (
                Report_ID VARCHAR2 NOT NULL,
                Campaign_ID NUMBER NOT NULL,
                Report_Creation_Date DATE DEFAULT now() NOT NULL,
                Report_Send_Date TIMESTAMP,
                Report_Sender_Email VARCHAR2,
                Report_Receiver_Email VARCHAR2,
                Printed_Report CHAR NOT NULL,
                CONSTRAINT REPORT_ID PRIMARY KEY (Report_ID)
)
1374968 [AWT-EventQueue-0] INFO  ca.sqlpower.architect.ddl.GenericDDLGenerator  - endStatement: 
COMMENT ON TABLE PUBLIC.Measurement__Report IS 'Rapporten met meerdere measur''s?'
1374968 [AWT-EventQueue-0] INFO  ca.sqlpower.architect.ddl.GenericDDLGenerator  - endStatement: 


CREATE SEQUENCE LABORATORY_LABORATORY_ID_SEQ
1374968 [AWT-EventQueue-0] INFO  ca.sqlpower.architect.ddl.GenericDDLGenerator  - endStatement: 

CREATE TABLE PUBLIC.Laboratory (
                Laboratory_ID NUMBER NOT NULL,
                Laboratory_Name VARCHAR2 NOT NULL,
                Laboratory_Description VARCHAR2 NOT NULL,
                Company VARCHAR2 NOT NULL,
                Laboratory_Adress VARCHAR2 NOT NULL,
                Laboratory_Location VARCHAR2 NOT NULL,
                CONSTRAINT LABORATORY_ID PRIMARY KEY (Laboratory_ID)
)
1374968 [AWT-EventQueue-0] INFO  ca.sqlpower.architect.ddl.GenericDDLGenerator  - endStatement: 
COMMENT ON TABLE PUBLIC.Laboratory IS 'Data tabellen met Locatie en Bedrijven?'
1374968 [AWT-EventQueue-0] INFO  ca.sqlpower.architect.ddl.GenericDDLGenerator  - endStatement: 


CREATE SEQUENCE MEASUREMENT_MEASUREMENT_ID_SEQ
1374968 [AWT-EventQueue-0] INFO  ca.sqlpower.architect.ddl.GenericDDLGenerator  - endStatement: 

CREATE TABLE PUBLIC.Measurement (
                Measurement_ID NUMBER NOT NULL,
                Report_ID VARCHAR2 NOT NULL,
                Laboratory_ID NUMBER NOT NULL,
                Measurement_Start_Date TIMESTAMP,
                Measurement_End_Date TIMESTAMP,
                Result NUMBER,
                Unit VARCHAR2,
                Measurement_Cost NUMBER DEFAULT 100,15 NOT NULL,
                CONSTRAINT MEASUREMENT_ID PRIMARY KEY (Measurement_ID)
)
1374968 [AWT-EventQueue-0] INFO  ca.sqlpower.architect.ddl.GenericDDLGenerator  - endStatement: 


ALTER TABLE PUBLIC.Measurement__Report ADD CONSTRAINT MEASUREMENT_CAMPAIGN_MEASUR152
FOREIGN KEY (Campaign_ID)
REFERENCES PUBLIC.Measurement_Campaign (Campaign_ID)
NOT DEFERRABLE
1374969 [AWT-EventQueue-0] INFO  ca.sqlpower.architect.ddl.GenericDDLGenerator  - endStatement: 

ALTER TABLE PUBLIC.Measurement ADD CONSTRAINT MEASUREMENT__REPORT_MEASURE591
FOREIGN KEY (Report_ID)
REFERENCES PUBLIC.Measurement__Report (Report_ID)
NOT DEFERRABLE
1374969 [AWT-EventQueue-0] INFO  ca.sqlpower.architect.ddl.GenericDDLGenerator  - endStatement: 

ALTER TABLE PUBLIC.Measurement ADD CONSTRAINT LABORATORY_MEASUREMENT_FK
FOREIGN KEY (Laboratory_ID)
REFERENCES PUBLIC.Laboratory (Laboratory_ID)
NOT DEFERRABLE
1374969 [AWT-EventQueue-0] INFO  ca.sqlpower.architect.swingui.SQLScriptDialog  - The list size is :14
1509199 [AWT-EventQueue-0] INFO  ca.sqlpower.architect.swingui.DBTree  - DBTree: exporting list of DnD-type tree paths
1511963 [Objects-Adder] INFO  ca.sqlpower.architect.swingui.PlayPen  - AddObjectsTask starting on thread Objects-Adder
1511967 [Objects-Adder] INFO  ca.sqlpower.architect.swingui.PlayPen  - AddObjectsTask done
1514422 [AWT-EventQueue-0] INFO  ca.sqlpower.architect.swingui.PlayPen  - adding table Measurement_Campaign (TABLE)
1514422 [AWT-EventQueue-0] INFO  ca.sqlpower.architect.swingui.PlayPen  - Looking for fk table Meaurement_Report in playpen
1514422 [AWT-EventQueue-0] INFO  ca.sqlpower.architect.swingui.PlayPen  - NOT FOUND
1514424 [AWT-EventQueue-0] INFO  ca.sqlpower.architect.swingui.PlayPen  - adding table Meaurement_Report (TABLE)
1514424 [AWT-EventQueue-0] INFO  ca.sqlpower.architect.swingui.PlayPen  - Looking for fk table Measurement in playpen
1514424 [AWT-EventQueue-0] INFO  ca.sqlpower.architect.swingui.PlayPen  - NOT FOUND
1514424 [AWT-EventQueue-0] INFO  ca.sqlpower.architect.swingui.PlayPen  - Looking for fk table Meaurement_Report in playpen
1514424 [AWT-EventQueue-0] INFO  ca.sqlpower.architect.swingui.PlayPen  - FOUND IT!
1514427 [AWT-EventQueue-0] INFO  ca.sqlpower.architect.swingui.PlayPen  - adding table Laboratory (TABLE)
1514427 [AWT-EventQueue-0] INFO  ca.sqlpower.architect.swingui.PlayPen  - Looking for fk table Measurement in playpen
1514427 [AWT-EventQueue-0] INFO  ca.sqlpower.architect.swingui.PlayPen  - NOT FOUND
1514430 [AWT-EventQueue-0] INFO  ca.sqlpower.architect.swingui.PlayPen  - adding table Measurement (TABLE)
1514430 [AWT-EventQueue-0] INFO  ca.sqlpower.architect.swingui.PlayPen  - Looking for fk table Measurement in playpen
1514430 [AWT-EventQueue-0] INFO  ca.sqlpower.architect.swingui.PlayPen  - FOUND IT!
1514431 [AWT-EventQueue-0] INFO  ca.sqlpower.architect.swingui.PlayPen  - Looking for fk table Measurement in playpen
1514431 [AWT-EventQueue-0] INFO  ca.sqlpower.architect.swingui.PlayPen  - FOUND IT!
1514433 [AWT-EventQueue-0] ERROR ca.sqlpower.architect.swingui.PlayPen  - Unknown object dropped in PlayPen: PlayPen Database
1767269 [AWT-EventQueue-0] INFO  ca.sqlpower.architect.ddl.GenericDDLGenerator  - endStatement: 
CREATE SEQUENCE LABORATORY_LABORATORY_ID_SEQ
1767269 [AWT-EventQueue-0] INFO  ca.sqlpower.architect.ddl.GenericDDLGenerator  - endStatement: 

CREATE TABLE PUBLIC.Laboratory (
                Laboratory_ID NUMBER NOT NULL,
                Laboratory_Name VARCHAR2 NOT NULL,
                Laboratory_Description VARCHAR2 NOT NULL,
                Company VARCHAR2 NOT NULL,
                Laboratory_Adress VARCHAR2 NOT NULL,
                Laboratory_Location VARCHAR2 NOT NULL,
                CONSTRAINT LABORATORY_ID PRIMARY KEY (Laboratory_ID)
)
1767270 [AWT-EventQueue-0] INFO  ca.sqlpower.architect.ddl.GenericDDLGenerator  - endStatement: 
COMMENT ON TABLE PUBLIC.Laboratory IS 'Data tabellen met Locatie en Bedrijven?'
1767270 [AWT-EventQueue-0] INFO  ca.sqlpower.architect.ddl.GenericDDLGenerator  - endStatement: 


CREATE SEQUENCE MEASUREMENT_CAMPAIGN_CAMPAI94
1767270 [AWT-EventQueue-0] INFO  ca.sqlpower.architect.ddl.GenericDDLGenerator  - endStatement: 

CREATE TABLE PUBLIC.Measurement_Campaign (
                Campaign_ID NUMBER NOT NULL,
                Campaign_Creation_Date DATE NOT NULL,
                Campaign_Start_Date DATE,
                Campaign_End_Date DATE,
                Campaign_Description VARCHAR2 NOT NULL,
                Campaign_Purpose VARCHAR2 NOT NULL,
                Campaign_Requester VARCHAR2 NOT NULL,
                Campaign_Status VARCHAR2 NOT NULL,
                CONSTRAINT MEASUREMENT_CAMPAIGN_ID PRIMARY KEY (Campaign_ID)
)
1767270 [AWT-EventQueue-0] INFO  ca.sqlpower.architect.ddl.GenericDDLGenerator  - endStatement: 
COMMENT ON TABLE PUBLIC.Measurement_Campaign IS 'Verder koppelen aan Samples? meerdere stalen in een campagne.'
1767270 [AWT-EventQueue-0] INFO  ca.sqlpower.architect.ddl.GenericDDLGenerator  - endStatement: 


CREATE SEQUENCE MEASUREMENT__REPORT_REPORT_297
1767270 [AWT-EventQueue-0] INFO  ca.sqlpower.architect.ddl.GenericDDLGenerator  - endStatement: 

CREATE TABLE PUBLIC.Meaurement_Report (
                Report_ID VARCHAR2 NOT NULL,
                Campaign_ID NUMBER NOT NULL,
                Report_Creation_Date DATE DEFAULT sysdate NOT NULL,
                Report_Send_Date DATE,
                Report_Sender_Email VARCHAR2,
                Report_Receiver_Email VARCHAR2,
                Printed_Report CHAR NOT NULL,
                CONSTRAINT REPORT_ID PRIMARY KEY (Report_ID)
)
1767270 [AWT-EventQueue-0] INFO  ca.sqlpower.architect.ddl.GenericDDLGenerator  - endStatement: 
COMMENT ON TABLE PUBLIC.Meaurement_Report IS 'Rapporten met meerdere measur''s?'
1767270 [AWT-EventQueue-0] INFO  ca.sqlpower.architect.ddl.GenericDDLGenerator  - endStatement: 


CREATE SEQUENCE MEASUREMENT_MEASUREMENT_ID_SEQ
1767271 [AWT-EventQueue-0] INFO  ca.sqlpower.architect.ddl.GenericDDLGenerator  - endStatement: 

CREATE TABLE PUBLIC.Measurement (
                Measurement_ID NUMBER NOT NULL,
                Report_ID VARCHAR2 NOT NULL,
                Laboratory_ID NUMBER NOT NULL,
                Measurement_Start_Date DATE,
                Measurement_End_Date DATE,
                Result NUMBER,
                Unit VARCHAR2,
                Measurement_Cost NUMBER(10,2) NOT NULL,
                CONSTRAINT MEASUREMENT_ID PRIMARY KEY (Measurement_ID)
)
1767271 [AWT-EventQueue-0] INFO  ca.sqlpower.architect.ddl.GenericDDLGenerator  - endStatement: 


ALTER TABLE PUBLIC.Measurement ADD CONSTRAINT LABORATORY_MEASUREMENT_FK
FOREIGN KEY (Laboratory_ID)
REFERENCES PUBLIC.Laboratory (Laboratory_ID)
NOT DEFERRABLE
1767271 [AWT-EventQueue-0] INFO  ca.sqlpower.architect.ddl.GenericDDLGenerator  - endStatement: 

ALTER TABLE PUBLIC.Meaurement_Report ADD CONSTRAINT MEASUREMENT_CAMPAIGN_MEASUR152
FOREIGN KEY (Campaign_ID)
REFERENCES PUBLIC.Measurement_Campaign (Campaign_ID)
NOT DEFERRABLE
1767272 [AWT-EventQueue-0] INFO  ca.sqlpower.architect.ddl.GenericDDLGenerator  - endStatement: 

ALTER TABLE PUBLIC.Measurement ADD CONSTRAINT MEASUREMENT__REPORT_MEASURE591
FOREIGN KEY (Report_ID)
REFERENCES PUBLIC.Meaurement_Report (Report_ID)
NOT DEFERRABLE
1767272 [AWT-EventQueue-0] INFO  ca.sqlpower.architect.swingui.SQLScriptDialog  - The list size is :14
1907432 [AWT-EventQueue-0] INFO  ca.sqlpower.architect.ddl.GenericDDLGenerator  - endStatement: 
CREATE SEQUENCE LABORATORY_LABORATORY_ID_SEQ
1907433 [AWT-EventQueue-0] INFO  ca.sqlpower.architect.ddl.GenericDDLGenerator  - endStatement: 

CREATE TABLE ADMIN.Laboratory (
                Laboratory_ID NUMBER NOT NULL,
                Laboratory_Name VARCHAR2 NOT NULL,
                Laboratory_Description VARCHAR2 NOT NULL,
                Company VARCHAR2 NOT NULL,
                Laboratory_Adress VARCHAR2 NOT NULL,
                Laboratory_Location VARCHAR2 NOT NULL,
                CONSTRAINT LABORATORY_ID PRIMARY KEY (Laboratory_ID)
)
1907433 [AWT-EventQueue-0] INFO  ca.sqlpower.architect.ddl.GenericDDLGenerator  - endStatement: 
COMMENT ON TABLE ADMIN.Laboratory IS 'Data tabellen met Locatie en Bedrijven?'
1907433 [AWT-EventQueue-0] INFO  ca.sqlpower.architect.ddl.GenericDDLGenerator  - endStatement: 


CREATE SEQUENCE MEASUREMENT_CAMPAIGN_CAMPAI94
1907433 [AWT-EventQueue-0] INFO  ca.sqlpower.architect.ddl.GenericDDLGenerator  - endStatement: 

CREATE TABLE ADMIN.Measurement_Campaign (
                Campaign_ID NUMBER NOT NULL,
                Campaign_Creation_Date DATE NOT NULL,
                Campaign_Start_Date DATE,
                Campaign_End_Date DATE,
                Campaign_Description VARCHAR2 NOT NULL,
                Campaign_Purpose VARCHAR2 NOT NULL,
                Campaign_Requester VARCHAR2 NOT NULL,
                Campaign_Status VARCHAR2 NOT NULL,
                CONSTRAINT MEASUREMENT_CAMPAIGN_ID PRIMARY KEY (Campaign_ID)
)
1907433 [AWT-EventQueue-0] INFO  ca.sqlpower.architect.ddl.GenericDDLGenerator  - endStatement: 
COMMENT ON TABLE ADMIN.Measurement_Campaign IS 'Verder koppelen aan Samples? meerdere stalen in een campagne.'
1907433 [AWT-EventQueue-0] INFO  ca.sqlpower.architect.ddl.GenericDDLGenerator  - endStatement: 


CREATE SEQUENCE MEASUREMENT__REPORT_REPORT_297
1907433 [AWT-EventQueue-0] INFO  ca.sqlpower.architect.ddl.GenericDDLGenerator  - endStatement: 

CREATE TABLE ADMIN.Meaurement_Report (
                Report_ID VARCHAR2 NOT NULL,
                Campaign_ID NUMBER NOT NULL,
                Report_Creation_Date DATE DEFAULT sysdate NOT NULL,
                Report_Send_Date DATE,
                Report_Sender_Email VARCHAR2,
                Report_Receiver_Email VARCHAR2,
                Printed_Report CHAR NOT NULL,
                CONSTRAINT REPORT_ID PRIMARY KEY (Report_ID)
)
1907434 [AWT-EventQueue-0] INFO  ca.sqlpower.architect.ddl.GenericDDLGenerator  - endStatement: 
COMMENT ON TABLE ADMIN.Meaurement_Report IS 'Rapporten met meerdere measur''s?'
1907434 [AWT-EventQueue-0] INFO  ca.sqlpower.architect.ddl.GenericDDLGenerator  - endStatement: 


CREATE SEQUENCE MEASUREMENT_MEASUREMENT_ID_SEQ
1907434 [AWT-EventQueue-0] INFO  ca.sqlpower.architect.ddl.GenericDDLGenerator  - endStatement: 

CREATE TABLE ADMIN.Measurement (
                Measurement_ID NUMBER NOT NULL,
                Report_ID VARCHAR2 NOT NULL,
                Laboratory_ID NUMBER NOT NULL,
                Measurement_Start_Date DATE,
                Measurement_End_Date DATE,
                Result NUMBER,
                Unit VARCHAR2,
                Measurement_Cost NUMBER(10,2) NOT NULL,
                CONSTRAINT MEASUREMENT_ID PRIMARY KEY (Measurement_ID)
)
1907434 [AWT-EventQueue-0] INFO  ca.sqlpower.architect.ddl.GenericDDLGenerator  - endStatement: 


ALTER TABLE ADMIN.Measurement ADD CONSTRAINT LABORATORY_MEASUREMENT_FK
FOREIGN KEY (Laboratory_ID)
REFERENCES ADMIN.Laboratory (Laboratory_ID)
NOT DEFERRABLE
1907434 [AWT-EventQueue-0] INFO  ca.sqlpower.architect.ddl.GenericDDLGenerator  - endStatement: 

ALTER TABLE ADMIN.Meaurement_Report ADD CONSTRAINT MEASUREMENT_CAMPAIGN_MEASUR152
FOREIGN KEY (Campaign_ID)
REFERENCES ADMIN.Measurement_Campaign (Campaign_ID)
NOT DEFERRABLE
1907434 [AWT-EventQueue-0] INFO  ca.sqlpower.architect.ddl.GenericDDLGenerator  - endStatement: 

ALTER TABLE ADMIN.Measurement ADD CONSTRAINT MEASUREMENT__REPORT_MEASURE591
FOREIGN KEY (Report_ID)
REFERENCES ADMIN.Meaurement_Report (Report_ID)
NOT DEFERRABLE
1907435 [AWT-EventQueue-0] INFO  ca.sqlpower.architect.swingui.SQLScriptDialog  - The list size is :14
0    [AWT-EventQueue-0] INFO  ca.sqlpower.architect.ArchitectUtils  - Log4J configured successfully
620  [AWT-EventQueue-0] INFO  ca.sqlpower.sql.PlDotIni  - Beginning to read/merge new pl.ini data
682  [AWT-EventQueue-0] INFO  ca.sqlpower.sql.PlDotIni  - Finished reading file.
683  [AWT-EventQueue-0] INFO  ca.sqlpower.sql.PlDotIni  - Beginning to read/merge new pl.ini data
716  [AWT-EventQueue-0] INFO  ca.sqlpower.sql.PlDotIni  - Finished reading file.
22291 [Thread-5] ERROR ca.sqlpower.architect.swingui.action.CheckForUpdateAction  - Fail to retrieve current version number!
0    [AWT-EventQueue-0] INFO  ca.sqlpower.architect.ArchitectUtils  - Log4J configured successfully
869  [AWT-EventQueue-0] INFO  ca.sqlpower.sql.PlDotIni  - Beginning to read/merge new pl.ini data
955  [AWT-EventQueue-0] INFO  ca.sqlpower.sql.PlDotIni  - Finished reading file.
956  [AWT-EventQueue-0] INFO  ca.sqlpower.sql.PlDotIni  - Beginning to read/merge new pl.ini data
996  [AWT-EventQueue-0] INFO  ca.sqlpower.sql.PlDotIni  - Finished reading file.
22879 [Thread-5] ERROR ca.sqlpower.architect.swingui.action.CheckForUpdateAction  - Fail to retrieve current version number!
0    [AWT-EventQueue-0] INFO  ca.sqlpower.architect.ArchitectUtils  - Log4J configured successfully
587  [AWT-EventQueue-0] INFO  ca.sqlpower.sql.PlDotIni  - Beginning to read/merge new pl.ini data
647  [AWT-EventQueue-0] INFO  ca.sqlpower.sql.PlDotIni  - Finished reading file.
648  [AWT-EventQueue-0] INFO  ca.sqlpower.sql.PlDotIni  - Beginning to read/merge new pl.ini data
681  [AWT-EventQueue-0] INFO  ca.sqlpower.sql.PlDotIni  - Finished reading file.
22341 [Thread-5] ERROR ca.sqlpower.architect.swingui.action.CheckForUpdateAction  - Fail to retrieve current version number!
0    [AWT-EventQueue-0] INFO  ca.sqlpower.architect.ArchitectUtils  - Log4J configured successfully
600  [AWT-EventQueue-0] INFO  ca.sqlpower.sql.PlDotIni  - Beginning to read/merge new pl.ini data
663  [AWT-EventQueue-0] INFO  ca.sqlpower.sql.PlDotIni  - Finished reading file.
663  [AWT-EventQueue-0] INFO  ca.sqlpower.sql.PlDotIni  - Beginning to read/merge new pl.ini data
696  [AWT-EventQueue-0] INFO  ca.sqlpower.sql.PlDotIni  - Finished reading file.
0    [AWT-EventQueue-0] INFO  ca.sqlpower.architect.ArchitectUtils  - Log4J configured successfully
590  [AWT-EventQueue-0] INFO  ca.sqlpower.sql.PlDotIni  - Beginning to read/merge new pl.ini data
660  [AWT-EventQueue-0] INFO  ca.sqlpower.sql.PlDotIni  - Finished reading file.
661  [AWT-EventQueue-0] INFO  ca.sqlpower.sql.PlDotIni  - Beginning to read/merge new pl.ini data
693  [AWT-EventQueue-0] INFO  ca.sqlpower.sql.PlDotIni  - Finished reading file.
22317 [Thread-5] ERROR ca.sqlpower.architect.swingui.action.CheckForUpdateAction  - Fail to retrieve current version number!
22297 [Thread-5] ERROR ca.sqlpower.architect.swingui.action.CheckForUpdateAction  - Fail to retrieve current version number!
0    [AWT-EventQueue-0] INFO  ca.sqlpower.architect.ArchitectUtils  - Log4J configured successfully
601  [AWT-EventQueue-0] INFO  ca.sqlpower.sql.PlDotIni  - Beginning to read/merge new pl.ini data
662  [AWT-EventQueue-0] INFO  ca.sqlpower.sql.PlDotIni  - Finished reading file.
662  [AWT-EventQueue-0] INFO  ca.sqlpower.sql.PlDotIni  - Beginning to read/merge new pl.ini data
695  [AWT-EventQueue-0] INFO  ca.sqlpower.sql.PlDotIni  - Finished reading file.
22284 [Thread-5] ERROR ca.sqlpower.architect.swingui.action.CheckForUpdateAction  - Fail to retrieve current version number!
0    [AWT-EventQueue-0] INFO  ca.sqlpower.architect.ArchitectUtils  - Log4J configured successfully
710  [AWT-EventQueue-0] INFO  ca.sqlpower.sql.PlDotIni  - Beginning to read/merge new pl.ini data
774  [AWT-EventQueue-0] INFO  ca.sqlpower.sql.PlDotIni  - Finished reading file.
775  [AWT-EventQueue-0] INFO  ca.sqlpower.sql.PlDotIni  - Beginning to read/merge new pl.ini data
808  [AWT-EventQueue-0] INFO  ca.sqlpower.sql.PlDotIni  - Finished reading file.
22459 [Thread-5] ERROR ca.sqlpower.architect.swingui.action.CheckForUpdateAction  - Fail to retrieve current version number!
43171 [Objects-Adder] INFO  ca.sqlpower.architect.swingui.PlayPen  - AddObjectsTask starting on thread Objects-Adder
43174 [Objects-Adder] INFO  ca.sqlpower.architect.swingui.PlayPen  - AddObjectsTask done
43190 [AWT-EventQueue-0] INFO  ca.sqlpower.architect.swingui.PlayPen  - adding table Laboratory (TABLE)
43193 [AWT-EventQueue-0] INFO  ca.sqlpower.architect.swingui.PlayPen  - adding table Sample (TABLE)
43196 [AWT-EventQueue-0] INFO  ca.sqlpower.architect.swingui.PlayPen  - adding table PlayPen Database (TABLE)
43198 [AWT-EventQueue-0] INFO  ca.sqlpower.architect.swingui.PlayPen  - adding table Measurement (TABLE)
43201 [AWT-EventQueue-0] INFO  ca.sqlpower.architect.swingui.PlayPen  - adding table Lab_Technicians (TABLE)
43203 [AWT-EventQueue-0] INFO  ca.sqlpower.architect.swingui.PlayPen  - adding table Instrument (TABLE)
50248 [Objects-Adder] INFO  ca.sqlpower.architect.swingui.PlayPen  - AddObjectsTask starting on thread Objects-Adder
50250 [Objects-Adder] INFO  ca.sqlpower.architect.swingui.PlayPen  - AddObjectsTask done
50254 [AWT-EventQueue-0] INFO  ca.sqlpower.architect.swingui.PlayPen  - adding table Laboratory (TABLE)
50256 [AWT-EventQueue-0] INFO  ca.sqlpower.architect.swingui.PlayPen  - adding table Sample (TABLE)
50259 [AWT-EventQueue-0] INFO  ca.sqlpower.architect.swingui.PlayPen  - adding table PlayPen Database (TABLE)
50261 [AWT-EventQueue-0] INFO  ca.sqlpower.architect.swingui.PlayPen  - adding table Measurement (TABLE)
50264 [AWT-EventQueue-0] INFO  ca.sqlpower.architect.swingui.PlayPen  - adding table Lab_Technicians (TABLE)
50266 [AWT-EventQueue-0] INFO  ca.sqlpower.architect.swingui.PlayPen  - adding table Instrument (TABLE)
